C51 COMPILER V9.54   TIMER                                                                 08/17/2018 17:16:38 PAGE 1   


C51 COMPILER V9.54, COMPILATION OF MODULE TIMER
OBJECT MODULE PLACED IN .\Output\timer.obj
COMPILER INVOKED BY: C:\Keil_v5\C51\BIN\C51.EXE std_Lib\timer.c LARGE OMF2 OPTIMIZE(8,SPEED) BROWSE INCDIR(.\Usr;.\Usr_l
                    -ib;.\Sensor;.\Actuator;.\data_Trans;.\std_Lib) DEBUG PRINT(.\Listing\timer.lst) OBJECT(.\Output\timer.obj)

line level    source

   1          
   2          /*************  功能说明        **************
   3          
   4          本文件为STC15xxx系列的定时器初始化和中断程序,用户可以在这个文件中修改自己需要的中断程序.
   5          
   6          
   7          ******************************************/
   8          
   9          #include        "timer.h"
  10          
  11          //========================================================================
  12          // 函数: u8     Timer_Inilize(u8 TIM, TIM_InitTypeDef *TIMx)
  13          // 描述: 定时器初始化程序.
  14          // 参数: TIMx: 结构参数,请参考timer.h里的定义.
  15          // 返回: 成功返回0, 空操作返回1,错误返回2.
  16          // 版本: V1.0, 2012-10-22
  17          //========================================================================
  18          u8      Timer_Inilize(u8 TIM, TIM_InitTypeDef *TIMx)
  19          {
  20   1              if(TIM > Timer2)        return 1;       //空操作
  21   1      
  22   1              if(TIM == Timer0)
  23   1              {
  24   2                      TR0 = 0;                //停止计数
  25   2                      if(TIMx->TIM_Interrupt == ENABLE)               ET0 = 1;        //允许中断
  26   2                      else                                                                    ET0 = 0;        //禁止中断
  27   2                      if(TIMx->TIM_Polity == PolityHigh)              PT0 = 1;        //高优先级中断
  28   2                      else                                                                    PT0 = 0;        //低优先级中断
  29   2                      if(TIMx->TIM_Mode >  TIM_16BitAutoReloadNoMask) return 2;       //错误
  30   2                      TMOD = (TMOD & ~0x03) | TIMx->TIM_Mode; //工作模式,0: 16位自动重装, 1: 16位定时/计数, 2: 8位自动重装, 3:
             - 16位自动重装, 不可屏蔽中断
  31   2                      if(TIMx->TIM_ClkSource == TIM_CLOCK_12T)        AUXR &= ~0x80;  //12T
  32   2                      if(TIMx->TIM_ClkSource == TIM_CLOCK_1T)         AUXR |=  0x80;  //1T
  33   2                      if(TIMx->TIM_ClkSource == TIM_CLOCK_Ext)        TMOD |=  0x04;  //对外计数或分频
  34   2                      else                                                                            TMOD &= ~0x04;  //定时
  35   2                      if(TIMx->TIM_ClkOut == ENABLE)  INT_CLKO |=  0x01;      //输出时钟
  36   2                      else                                                    INT_CLKO &= ~0x01;      //不输出时钟
  37   2                      
  38   2                      TH0 = (u8)(TIMx->TIM_Value >> 8);
  39   2                      TL0 = (u8)TIMx->TIM_Value;
  40   2                      if(TIMx->TIM_Run == ENABLE)     TR0 = 1;        //开始运行
  41   2                      return  0;              //成功
  42   2              }
  43   1      
  44   1              if(TIM == Timer1)
  45   1              {
  46   2                      TR1 = 0;                //停止计数
  47   2                      if(TIMx->TIM_Interrupt == ENABLE)               ET1 = 1;        //允许中断
  48   2                      else                                                                    ET1 = 0;        //禁止中断
  49   2                      if(TIMx->TIM_Polity == PolityHigh)              PT1 = 1;        //高优先级中断
  50   2                      else                                                                    PT1 = 0;        //低优先级中断
  51   2                      if(TIMx->TIM_Mode >= TIM_16BitAutoReloadNoMask) return 2;       //错误
  52   2                      TMOD = (TMOD & ~0x30) | TIMx->TIM_Mode; //工作模式,0: 16位自动重装, 1: 16位定时/计数, 2: 8位自动重装
  53   2                      if(TIMx->TIM_ClkSource == TIM_CLOCK_12T)        AUXR &= ~0x40;  //12T
C51 COMPILER V9.54   TIMER                                                                 08/17/2018 17:16:38 PAGE 2   

  54   2                      if(TIMx->TIM_ClkSource == TIM_CLOCK_1T)         AUXR |=  0x40;  //1T
  55   2                      if(TIMx->TIM_ClkSource == TIM_CLOCK_Ext)        TMOD |=  0x40;  //对外计数或分频
  56   2                      else                                                                            TMOD &= ~0x40;  //定时
  57   2                      if(TIMx->TIM_ClkOut == ENABLE)  INT_CLKO |=  0x02;      //输出时钟
  58   2                      else                                                    INT_CLKO &= ~0x02;      //不输出时钟
  59   2                      
  60   2                      TH1 = (u8)(TIMx->TIM_Value >> 8);
  61   2                      TL1 = (u8)TIMx->TIM_Value;
  62   2                      if(TIMx->TIM_Run == ENABLE)     TR1 = 1;        //开始运行
  63   2                      return  0;              //成功
  64   2              }
  65   1      
  66   1              if(TIM == Timer2)               //Timer2,固定为16位自动重装, 中断无优先级
  67   1              {
  68   2                      AUXR &= ~(1<<4);        //停止计数
  69   2                      if(TIMx->TIM_Interrupt == ENABLE)                       IE2  |=  (1<<2);        //允许中断
  70   2                      else                                                                            IE2  &= ~(1<<2);        //禁止中断
  71   2                      if(TIMx->TIM_ClkSource >  TIM_CLOCK_Ext)        return 2;
  72   2                      if(TIMx->TIM_ClkSource == TIM_CLOCK_12T)        AUXR &= ~(1<<2);        //12T
  73   2                      if(TIMx->TIM_ClkSource == TIM_CLOCK_1T)         AUXR |=  (1<<2);        //1T
  74   2                      if(TIMx->TIM_ClkSource == TIM_CLOCK_Ext)        AUXR |=  (1<<3);        //对外计数或分频
  75   2                      else                                                                            AUXR &= ~(1<<3);        //定时
  76   2                      if(TIMx->TIM_ClkOut == ENABLE)  INT_CLKO |=  0x04;      //输出时钟
  77   2                      else                                                    INT_CLKO &= ~0x04;      //不输出时钟
  78   2      
  79   2                      TH2 = (u8)(TIMx->TIM_Value >> 8);
  80   2                      TL2 = (u8)TIMx->TIM_Value;
  81   2                      if(TIMx->TIM_Run == ENABLE)     AUXR |=  (1<<4);        //开始运行
  82   2                      return  0;              //成功
  83   2              }
  84   1              return 2;       //错误
  85   1      }


MODULE INFORMATION:   STATIC OVERLAYABLE
   CODE SIZE        =    411    ----
   CONSTANT SIZE    =   ----    ----
   XDATA SIZE       =   ----    ----
   PDATA SIZE       =   ----    ----
   DATA SIZE        =   ----    ----
   IDATA SIZE       =   ----    ----
   BIT SIZE         =   ----    ----
   EDATA SIZE       =   ----    ----
   HDATA SIZE       =   ----    ----
   XDATA CONST SIZE =   ----    ----
   FAR CONST SIZE   =   ----    ----
END OF MODULE INFORMATION.


C51 COMPILATION COMPLETE.  0 WARNING(S),  0 ERROR(S)
